===================== test session starts =====================
platform linux -- Python 3.14.7, pytest-9.1.1, pluggy-1.6.0 -- /home/dennis/venvs/ai110-env/bin/python
cachedir: .pytest_cache
rootdir: /home/dennis/Documents/schoolprojects/ai110-module1show-gameglitchinvestigator-starter
plugins: anyio-4.15.1
collecting ... collected 10 items

tests/test_game_logic.py::test_winning_guess PASSED     [ 10%]
tests/test_game_logic.py::test_guess_too_high PASSED    [ 20%]
tests/test_game_logic.py::test_guess_too_low PASSED     [ 30%]
tests/test_game_logic.py::test_parse_guess_handles_empty PASSED [ 40%]
tests/test_game_logic.py::test_parse_guess_handles_non_number PASSED [ 50%]
tests/test_game_logic.py::test_parse_guess_accepts_int PASSED [ 60%]
tests/test_game_logic.py::test_range_for_easy PASSED    [ 70%]
tests/test_game_logic.py::test_range_for_hard PASSED    [ 80%]
tests/test_game_logic.py::test_update_score_win_decreases_with_attempts PASSED [ 90%]
tests/test_game_logic.py::test_update_score_too_low_loses_points PASSED [100%]

===================== 10 passed in 0.03s ======================
